{"level":"info","message":"Connected to MongoDB...","timestamp":"2022-03-15T01:00:06.608Z"}
{"level":"info","message":"Server started on PORT: 5000","timestamp":"2022-03-15T01:00:06.613Z"}
{"level":"info","message":"Connected to MongoDB...","timestamp":"2022-03-15T01:02:12.442Z"}
{"level":"info","message":"Server started on PORT: 5000","timestamp":"2022-03-15T01:02:12.446Z"}
{"level":"info","message":"Connected to MongoDB...","timestamp":"2022-03-15T01:04:19.886Z"}
{"level":"info","message":"Server started on PORT: 5000","timestamp":"2022-03-15T01:04:19.890Z"}
{"level":"info","message":"Connected to MongoDB...","timestamp":"2022-03-15T01:04:51.692Z"}
{"level":"info","message":"Server started on PORT: 5000","timestamp":"2022-03-15T01:04:51.695Z"}
{"level":"info","message":"Connected to MongoDB...","timestamp":"2022-03-15T01:05:42.162Z"}
{"level":"info","message":"Server started on PORT: 5000","timestamp":"2022-03-15T01:05:42.168Z"}
{"level":"info","message":"Connected to MongoDB...","timestamp":"2022-03-15T01:06:34.395Z"}
{"level":"info","message":"Server started on PORT: 5000","timestamp":"2022-03-15T01:06:34.398Z"}
{"code":"ETIMEOUT","hostname":"_mongodb._tcp.mypharmapi.t1xjq.mongodb.net","level":"error","message":"Could not connect to MongoDB... querySrv ETIMEOUT _mongodb._tcp.mypharmapi.t1xjq.mongodb.net","stack":"Error: querySrv ETIMEOUT _mongodb._tcp.mypharmapi.t1xjq.mongodb.net\n    at QueryReqWrap.onresolve [as oncomplete] (node:dns:213:19)","syscall":"querySrv","timestamp":"2022-03-15T01:19:35.868Z"}
{"code":"ETIMEOUT","hostname":"_mongodb._tcp.mypharmapi.t1xjq.mongodb.net","level":"error","message":"Could not connect to MongoDB... querySrv ETIMEOUT _mongodb._tcp.mypharmapi.t1xjq.mongodb.net","stack":"Error: querySrv ETIMEOUT _mongodb._tcp.mypharmapi.t1xjq.mongodb.net\n    at QueryReqWrap.onresolve [as oncomplete] (node:dns:213:19)","syscall":"querySrv","timestamp":"2022-03-15T01:21:01.001Z"}
{"level":"error","timestamp":"2022-03-16T19:16:29.176Z"}
{"level":"error","timestamp":"2022-03-16T19:16:42.727Z"}
{"level":"error","timestamp":"2022-03-16T19:18:06.626Z"}
{"level":"error","timestamp":"2022-03-16T19:19:10.369Z"}
{"level":"error","timestamp":"2022-03-16T19:21:13.858Z"}
{"_message":"Product validation failed","errors":{"brand":{"kind":"required","message":"Path `brand` is required.","name":"ValidatorError","path":"brand","properties":{"message":"Path `brand` is required.","path":"brand","type":"required"}},"categories":{"kind":"required","message":"Path `categories` is required.","name":"ValidatorError","path":"categories","properties":{"message":"Path `categories` is required.","path":"categories","type":"required"}}},"level":"error","timestamp":"2022-03-17T21:03:35.352Z"}
{"_message":"Product validation failed","errors":{"brand":{"kind":"required","message":"Path `brand` is required.","name":"ValidatorError","path":"brand","properties":{"message":"Path `brand` is required.","path":"brand","type":"required"}},"categories":{"kind":"required","message":"Path `categories` is required.","name":"ValidatorError","path":"categories","properties":{"message":"Path `categories` is required.","path":"categories","type":"required"}},"description":{"kind":"required","message":"Path `description` is required.","name":"ValidatorError","path":"description","properties":{"message":"Path `description` is required.","path":"description","type":"required"}},"name":{"kind":"required","message":"Path `name` is required.","name":"ValidatorError","path":"name","properties":{"message":"Path `name` is required.","path":"name","type":"required"}},"price":{"kind":"required","message":"Path `price` is required.","name":"ValidatorError","path":"price","properties":{"message":"Path `price` is required.","path":"price","type":"required"}},"stock":{"kind":"required","message":"Path `stock` is required.","name":"ValidatorError","path":"stock","properties":{"message":"Path `stock` is required.","path":"stock","type":"required"}}},"level":"error","timestamp":"2022-03-18T03:14:07.144Z"}
{"_message":"Product validation failed","errors":{"brand":{"kind":"required","message":"Path `brand` is required.","name":"ValidatorError","path":"brand","properties":{"message":"Path `brand` is required.","path":"brand","type":"required"}},"categories":{"kind":"required","message":"Path `categories` is required.","name":"ValidatorError","path":"categories","properties":{"message":"Path `categories` is required.","path":"categories","type":"required"}},"description":{"kind":"required","message":"Path `description` is required.","name":"ValidatorError","path":"description","properties":{"message":"Path `description` is required.","path":"description","type":"required"}},"name":{"kind":"required","message":"Path `name` is required.","name":"ValidatorError","path":"name","properties":{"message":"Path `name` is required.","path":"name","type":"required"}},"price":{"kind":"required","message":"Path `price` is required.","name":"ValidatorError","path":"price","properties":{"message":"Path `price` is required.","path":"price","type":"required"}},"stock":{"kind":"required","message":"Path `stock` is required.","name":"ValidatorError","path":"stock","properties":{"message":"Path `stock` is required.","path":"stock","type":"required"}}},"level":"error","timestamp":"2022-03-18T03:17:40.873Z"}
{"_message":"Product validation failed","errors":{"brand":{"kind":"required","message":"Path `brand` is required.","name":"ValidatorError","path":"brand","properties":{"message":"Path `brand` is required.","path":"brand","type":"required"}},"categories":{"kind":"required","message":"Path `categories` is required.","name":"ValidatorError","path":"categories","properties":{"message":"Path `categories` is required.","path":"categories","type":"required"}},"description":{"kind":"required","message":"Path `description` is required.","name":"ValidatorError","path":"description","properties":{"message":"Path `description` is required.","path":"description","type":"required"}},"name":{"kind":"required","message":"Path `name` is required.","name":"ValidatorError","path":"name","properties":{"message":"Path `name` is required.","path":"name","type":"required"}},"price":{"kind":"required","message":"Path `price` is required.","name":"ValidatorError","path":"price","properties":{"message":"Path `price` is required.","path":"price","type":"required"}},"stock":{"kind":"required","message":"Path `stock` is required.","name":"ValidatorError","path":"stock","properties":{"message":"Path `stock` is required.","path":"stock","type":"required"}}},"level":"error","timestamp":"2022-03-18T03:24:41.825Z"}
{"code":"ERR_HTTP_HEADERS_SENT","level":"error","timestamp":"2022-03-18T03:25:28.718Z"}
{"code":"ERR_HTTP_HEADERS_SENT","level":"error","timestamp":"2022-03-18T03:27:03.343Z"}
{"code":"ERR_HTTP_HEADERS_SENT","level":"error","timestamp":"2022-03-18T03:27:05.052Z"}
{"code":"ERR_HTTP_HEADERS_SENT","level":"error","timestamp":"2022-03-18T03:27:06.258Z"}
{"code":"ERR_HTTP_HEADERS_SENT","level":"error","timestamp":"2022-03-18T03:27:07.327Z"}
{"code":"ERR_HTTP_HEADERS_SENT","level":"error","timestamp":"2022-03-18T03:27:08.278Z"}
{"code":"ERR_HTTP_HEADERS_SENT","level":"error","timestamp":"2022-03-18T03:27:09.277Z"}
{"code":"ERR_HTTP_HEADERS_SENT","level":"error","timestamp":"2022-03-18T03:27:10.221Z"}
{"code":"ERR_HTTP_HEADERS_SENT","level":"error","timestamp":"2022-03-18T03:27:11.040Z"}
{"code":"ERR_HTTP_HEADERS_SENT","level":"error","timestamp":"2022-03-18T03:27:12.099Z"}
{"code":"ERR_HTTP_HEADERS_SENT","level":"error","timestamp":"2022-03-18T03:27:13.053Z"}
{"code":"ERR_HTTP_HEADERS_SENT","level":"error","timestamp":"2022-03-18T03:27:14.117Z"}
{"code":"ERR_HTTP_HEADERS_SENT","level":"error","timestamp":"2022-03-18T03:27:59.100Z"}
{"code":"ERR_HTTP_HEADERS_SENT","level":"error","timestamp":"2022-03-18T03:28:12.311Z"}
